2023-04-06 19:46:32.075  INFO DESKTOP-LI82HTD --- [           main] process.ModelApplication                 : Starting ModelApplication on DESKTOP-LI82HTD with PID 11372 (D:\Project\process\target\classes started by User in D:\Project\process)
2023-04-06 19:46:32.083 DEBUG DESKTOP-LI82HTD --- [           main] process.ModelApplication                 : Running with Spring Boot v2.3.2.RELEASE, Spring v5.2.8.RELEASE
2023-04-06 19:46:32.083  INFO DESKTOP-LI82HTD --- [           main] process.ModelApplication                 : The following profiles are active: dev
2023-04-06 19:46:35.697  INFO DESKTOP-LI82HTD --- [           main] process.emailer.VelocityManager          : +================Velocity-Start====================+
2023-04-06 19:46:35.752  INFO DESKTOP-LI82HTD --- [           main] process.emailer.VelocityManager          : +================Velocity-End====================+
2023-04-06 19:46:35.752  INFO DESKTOP-LI82HTD --- [           main] odel.service.impl.LookupDataCacheService : ****************Cache-Lookup-Start***************************
2023-04-06 19:46:35.773  INFO DESKTOP-LI82HTD --- [           main] odel.service.impl.LookupDataCacheService : ***************Cache-Lookup-End********************************
2023-04-06 19:46:35.784  INFO DESKTOP-LI82HTD --- [           main] process.util.XmlOutTagInfoUtil           : ============Xml Factory InIt============
2023-04-06 19:46:35.788  INFO DESKTOP-LI82HTD --- [           main] process.util.XmlOutTagInfoUtil           : ============Xml Factory End============
2023-04-06 19:46:36.186 DEBUG DESKTOP-LI82HTD --- [           main] process.config.ProcessConfig             : ===============Application-DAO-INIT===============
2023-04-06 19:46:36.186  INFO DESKTOP-LI82HTD --- [           main] gine.async.executor.AsyncDALTaskExecutor : >============AsyncDALTaskExecutor Start Successful============<
2023-04-06 19:46:36.186  INFO DESKTOP-LI82HTD --- [           main] gine.async.executor.AsyncDALTaskExecutor : >============AsyncDALTaskExecutor End Successful============<
2023-04-06 19:46:36.186 DEBUG DESKTOP-LI82HTD --- [           main] process.config.ProcessConfig             : ===============Application-DAO-END===============
2023-04-06 19:47:06.722 ERROR DESKTOP-LI82HTD --- [           main] rg.springframework.kafka.core.KafkaAdmin : Could not configure topics
org.springframework.kafka.KafkaException: Timed out waiting to get existing topics; nested exception is java.util.concurrent.TimeoutException
	at org.springframework.kafka.core.KafkaAdmin.lambda$checkPartitions$4(KafkaAdmin.java:254)
	at java.util.HashMap.forEach(HashMap.java:1289)
	at org.springframework.kafka.core.KafkaAdmin.checkPartitions(KafkaAdmin.java:233)
	at org.springframework.kafka.core.KafkaAdmin.addTopicsIfNeeded(KafkaAdmin.java:219)
	at org.springframework.kafka.core.KafkaAdmin.initialize(KafkaAdmin.java:189)
	at org.springframework.kafka.core.KafkaAdmin.afterSingletonsInstantiated(KafkaAdmin.java:157)
	at org.springframework.beans.factory.support.DefaultListableBeanFactory.preInstantiateSingletons(DefaultListableBeanFactory.java:914)
	at org.springframework.context.support.AbstractApplicationContext.finishBeanFactoryInitialization(AbstractApplicationContext.java:879)
	at org.springframework.context.support.AbstractApplicationContext.refresh(AbstractApplicationContext.java:551)
	at org.springframework.boot.web.servlet.context.ServletWebServerApplicationContext.refresh(ServletWebServerApplicationContext.java:143)
	at org.springframework.boot.SpringApplication.refresh(SpringApplication.java:758)
	at org.springframework.boot.SpringApplication.refresh(SpringApplication.java:750)
	at org.springframework.boot.SpringApplication.refreshContext(SpringApplication.java:397)
	at org.springframework.boot.SpringApplication.run(SpringApplication.java:315)
	at org.springframework.boot.SpringApplication.run(SpringApplication.java:1237)
	at org.springframework.boot.SpringApplication.run(SpringApplication.java:1226)
	at process.ModelApplication.main(ModelApplication.java:36)
Caused by: java.util.concurrent.TimeoutException: null
	at org.apache.kafka.common.internals.KafkaFutureImpl$SingleWaiter.await(KafkaFutureImpl.java:108)
	at org.apache.kafka.common.internals.KafkaFutureImpl.get(KafkaFutureImpl.java:272)
	at org.springframework.kafka.core.KafkaAdmin.lambda$checkPartitions$4(KafkaAdmin.java:236)
	... 16 common frames omitted
2023-04-06 19:47:17.962  INFO DESKTOP-LI82HTD --- [   scheduling-1] process.engine.cron.ProcessCron          : ++++++++++++++++++++++++Start-AddJobInQueue++++++++++++++++++++++++++++++++
2023-04-06 19:47:17.963  INFO DESKTOP-LI82HTD --- [   scheduling-1] process.engine.ProducerBulkEngine        : addJobInQueue --> FETCH Scheduler of current day STARTED 
2023-04-06 19:47:17.963  INFO DESKTOP-LI82HTD --- [           main] process.ModelApplication                 : Started ModelApplication in 46.303 seconds (JVM running for 47.06)
2023-04-06 19:47:17.963 ERROR DESKTOP-LI82HTD --- [   scheduling-1] process.engine.ProducerBulkEngine        : Error In addJobInQueue java.lang.NullPointerException
2023-04-06 19:47:17.963  INFO DESKTOP-LI82HTD --- [   scheduling-1] process.engine.cron.ProcessCron          : +++++++++++++++++++++++++++End-AddJobInQueue++++++++++++++++++++++++++++++++
2023-04-06 19:47:17.968  INFO DESKTOP-LI82HTD --- [   scheduling-1] process.engine.cron.ProcessCron          : ************************Start-RunJob********************************
2023-04-06 19:47:17.968  INFO DESKTOP-LI82HTD --- [   scheduling-1] process.engine.ProducerBulkEngine        : runJobInCurrentTimeSlot --> FETCH JobQueue of current day STARTED 
2023-04-06 19:47:17.974 ERROR DESKTOP-LI82HTD --- [   scheduling-1] process.engine.ProducerBulkEngine        : Error In runJobInCurrentTimeSlot java.lang.NullPointerException
2023-04-06 19:47:17.974  INFO DESKTOP-LI82HTD --- [   scheduling-1] process.engine.cron.ProcessCron          : *************************End-RunJob*********************************
2023-04-06 19:47:32.215  INFO DESKTOP-LI82HTD --- [nio-9098-exec-3] process.model.service.impl.QueryService  : Execute Query :- select job_running_status, count(job_id) as total_count
from source_job
where job_running_status in ('Running', 'Failed', 'Completed')
group by job_running_status
2023-04-06 19:47:32.215  INFO DESKTOP-LI82HTD --- [nio-9098-exec-1] process.model.service.impl.QueryService  : Execute Query :- select job_status, count(job_id) as total_count from source_job group by job_status
2023-04-06 19:47:32.239  INFO DESKTOP-LI82HTD --- [nio-9098-exec-2] process.model.service.impl.QueryService  : Execute Query :- select weekData.daycode, count(*) from (
select job_queue_id, to_char(cast(date_created as date), 'Dy') as daycode,
cast(date_created as date)
from job_queue where date(date_created) between '2023-03-31' and '2023-04-06') as weekData
group by weekData.daycode
2023-04-06 19:47:32.239  INFO DESKTOP-LI82HTD --- [nio-9098-exec-4] process.model.service.impl.QueryService  : Execute Query :- select weekData.daycode, weekData.hr, weekData.date, count(*)
from (select job_queue_id, to_char(cast(date_created as date), 'Day') as daycode,
cast(date_created as date) as date, cast(date_created as time) as time, 
extract(hour from cast(date_created as time)) as hr
from job_queue where date(date_created) between '2023-03-31' and '2023-04-06') as weekData
group by weekData.daycode, weekData.hr, weekData.date
2023-04-06 19:48:17.974  INFO DESKTOP-LI82HTD --- [   scheduling-1] process.engine.cron.ProcessCron          : ++++++++++++++++++++++++Start-AddJobInQueue++++++++++++++++++++++++++++++++
2023-04-06 19:48:17.974  INFO DESKTOP-LI82HTD --- [   scheduling-1] process.engine.ProducerBulkEngine        : addJobInQueue --> FETCH Scheduler of current day STARTED 
2023-04-06 19:48:17.975 ERROR DESKTOP-LI82HTD --- [   scheduling-1] process.engine.ProducerBulkEngine        : Error In addJobInQueue java.lang.NullPointerException
2023-04-06 19:48:17.975  INFO DESKTOP-LI82HTD --- [   scheduling-1] process.engine.cron.ProcessCron          : +++++++++++++++++++++++++++End-AddJobInQueue++++++++++++++++++++++++++++++++
2023-04-06 19:48:17.975  INFO DESKTOP-LI82HTD --- [   scheduling-1] process.engine.cron.ProcessCron          : ************************Start-RunJob********************************
2023-04-06 19:48:17.975  INFO DESKTOP-LI82HTD --- [   scheduling-1] process.engine.ProducerBulkEngine        : runJobInCurrentTimeSlot --> FETCH JobQueue of current day STARTED 
2023-04-06 19:48:17.983 ERROR DESKTOP-LI82HTD --- [   scheduling-1] process.engine.ProducerBulkEngine        : Error In runJobInCurrentTimeSlot java.lang.NullPointerException
2023-04-06 19:48:17.983  INFO DESKTOP-LI82HTD --- [   scheduling-1] process.engine.cron.ProcessCron          : *************************End-RunJob*********************************
2023-04-06 19:49:17.988  INFO DESKTOP-LI82HTD --- [   scheduling-1] process.engine.cron.ProcessCron          : ++++++++++++++++++++++++Start-AddJobInQueue++++++++++++++++++++++++++++++++
2023-04-06 19:49:17.988  INFO DESKTOP-LI82HTD --- [   scheduling-1] process.engine.ProducerBulkEngine        : addJobInQueue --> FETCH Scheduler of current day STARTED 
2023-04-06 19:49:17.990 ERROR DESKTOP-LI82HTD --- [   scheduling-1] process.engine.ProducerBulkEngine        : Error In addJobInQueue java.lang.NullPointerException
2023-04-06 19:49:17.990  INFO DESKTOP-LI82HTD --- [   scheduling-1] process.engine.cron.ProcessCron          : +++++++++++++++++++++++++++End-AddJobInQueue++++++++++++++++++++++++++++++++
2023-04-06 19:49:17.992  INFO DESKTOP-LI82HTD --- [   scheduling-1] process.engine.cron.ProcessCron          : ************************Start-RunJob********************************
2023-04-06 19:49:17.992  INFO DESKTOP-LI82HTD --- [   scheduling-1] process.engine.ProducerBulkEngine        : runJobInCurrentTimeSlot --> FETCH JobQueue of current day STARTED 
2023-04-06 19:49:17.992 ERROR DESKTOP-LI82HTD --- [   scheduling-1] process.engine.ProducerBulkEngine        : Error In runJobInCurrentTimeSlot java.lang.NullPointerException
2023-04-06 19:49:17.992  INFO DESKTOP-LI82HTD --- [   scheduling-1] process.engine.cron.ProcessCron          : *************************End-RunJob*********************************
2023-04-06 19:50:17.997  INFO DESKTOP-LI82HTD --- [   scheduling-1] process.engine.cron.ProcessCron          : ++++++++++++++++++++++++Start-AddJobInQueue++++++++++++++++++++++++++++++++
2023-04-06 19:50:17.997  INFO DESKTOP-LI82HTD --- [   scheduling-1] process.engine.ProducerBulkEngine        : addJobInQueue --> FETCH Scheduler of current day STARTED 
2023-04-06 19:50:17.999 ERROR DESKTOP-LI82HTD --- [   scheduling-1] process.engine.ProducerBulkEngine        : Error In addJobInQueue java.lang.NullPointerException
2023-04-06 19:50:17.999  INFO DESKTOP-LI82HTD --- [   scheduling-1] process.engine.cron.ProcessCron          : +++++++++++++++++++++++++++End-AddJobInQueue++++++++++++++++++++++++++++++++
2023-04-06 19:50:17.999  INFO DESKTOP-LI82HTD --- [   scheduling-1] process.engine.cron.ProcessCron          : ************************Start-RunJob********************************
2023-04-06 19:50:17.999  INFO DESKTOP-LI82HTD --- [   scheduling-1] process.engine.ProducerBulkEngine        : runJobInCurrentTimeSlot --> FETCH JobQueue of current day STARTED 
2023-04-06 19:50:17.999 ERROR DESKTOP-LI82HTD --- [   scheduling-1] process.engine.ProducerBulkEngine        : Error In runJobInCurrentTimeSlot java.lang.NullPointerException
2023-04-06 19:50:17.999  INFO DESKTOP-LI82HTD --- [   scheduling-1] process.engine.cron.ProcessCron          : *************************End-RunJob*********************************
2023-04-06 19:51:18.007  INFO DESKTOP-LI82HTD --- [   scheduling-1] process.engine.cron.ProcessCron          : ++++++++++++++++++++++++Start-AddJobInQueue++++++++++++++++++++++++++++++++
2023-04-06 19:51:18.007  INFO DESKTOP-LI82HTD --- [   scheduling-1] process.engine.ProducerBulkEngine        : addJobInQueue --> FETCH Scheduler of current day STARTED 
2023-04-06 19:51:18.012 ERROR DESKTOP-LI82HTD --- [   scheduling-1] process.engine.ProducerBulkEngine        : Error In addJobInQueue java.lang.NullPointerException
2023-04-06 19:51:18.012  INFO DESKTOP-LI82HTD --- [   scheduling-1] process.engine.cron.ProcessCron          : +++++++++++++++++++++++++++End-AddJobInQueue++++++++++++++++++++++++++++++++
2023-04-06 19:51:18.012  INFO DESKTOP-LI82HTD --- [   scheduling-1] process.engine.cron.ProcessCron          : ************************Start-RunJob********************************
2023-04-06 19:51:18.012  INFO DESKTOP-LI82HTD --- [   scheduling-1] process.engine.ProducerBulkEngine        : runJobInCurrentTimeSlot --> FETCH JobQueue of current day STARTED 
2023-04-06 19:51:18.015 ERROR DESKTOP-LI82HTD --- [   scheduling-1] process.engine.ProducerBulkEngine        : Error In runJobInCurrentTimeSlot java.lang.NullPointerException
2023-04-06 19:51:18.015  INFO DESKTOP-LI82HTD --- [   scheduling-1] process.engine.cron.ProcessCron          : *************************End-RunJob*********************************
2023-04-06 19:51:36.199  INFO DESKTOP-LI82HTD --- [        Timer-0] gine.async.executor.AsyncDALTaskExecutor : AsyncDAL Active No Threads: 0 Core Pool size of Threads: 100 Current no of threads in pool: 0 Current Blocking Queue Size: 0 Max allowed Threads: 200
2023-04-06 19:52:18.016  INFO DESKTOP-LI82HTD --- [   scheduling-1] process.engine.cron.ProcessCron          : ++++++++++++++++++++++++Start-AddJobInQueue++++++++++++++++++++++++++++++++
2023-04-06 19:52:18.016  INFO DESKTOP-LI82HTD --- [   scheduling-1] process.engine.ProducerBulkEngine        : addJobInQueue --> FETCH Scheduler of current day STARTED 
2023-04-06 19:52:18.016 ERROR DESKTOP-LI82HTD --- [   scheduling-1] process.engine.ProducerBulkEngine        : Error In addJobInQueue java.lang.NullPointerException
2023-04-06 19:52:18.016  INFO DESKTOP-LI82HTD --- [   scheduling-1] process.engine.cron.ProcessCron          : +++++++++++++++++++++++++++End-AddJobInQueue++++++++++++++++++++++++++++++++
2023-04-06 19:52:18.016  INFO DESKTOP-LI82HTD --- [   scheduling-1] process.engine.cron.ProcessCron          : ************************Start-RunJob********************************
2023-04-06 19:52:18.016  INFO DESKTOP-LI82HTD --- [   scheduling-1] process.engine.ProducerBulkEngine        : runJobInCurrentTimeSlot --> FETCH JobQueue of current day STARTED 
2023-04-06 19:52:18.021 ERROR DESKTOP-LI82HTD --- [   scheduling-1] process.engine.ProducerBulkEngine        : Error In runJobInCurrentTimeSlot java.lang.NullPointerException
2023-04-06 19:52:18.021  INFO DESKTOP-LI82HTD --- [   scheduling-1] process.engine.cron.ProcessCron          : *************************End-RunJob*********************************
2023-04-06 19:52:36.214  INFO DESKTOP-LI82HTD --- [        Timer-0] gine.async.executor.AsyncDALTaskExecutor : AsyncDAL Active No Threads: 0 Core Pool size of Threads: 100 Current no of threads in pool: 0 Current Blocking Queue Size: 0 Max allowed Threads: 200
2023-04-06 19:53:18.035  INFO DESKTOP-LI82HTD --- [   scheduling-1] process.engine.cron.ProcessCron          : ++++++++++++++++++++++++Start-AddJobInQueue++++++++++++++++++++++++++++++++
2023-04-06 19:53:18.036  INFO DESKTOP-LI82HTD --- [   scheduling-1] process.engine.ProducerBulkEngine        : addJobInQueue --> FETCH Scheduler of current day STARTED 
2023-04-06 19:53:18.036 ERROR DESKTOP-LI82HTD --- [   scheduling-1] process.engine.ProducerBulkEngine        : Error In addJobInQueue java.lang.NullPointerException
2023-04-06 19:53:18.036  INFO DESKTOP-LI82HTD --- [   scheduling-1] process.engine.cron.ProcessCron          : +++++++++++++++++++++++++++End-AddJobInQueue++++++++++++++++++++++++++++++++
2023-04-06 19:53:18.036  INFO DESKTOP-LI82HTD --- [   scheduling-1] process.engine.cron.ProcessCron          : ************************Start-RunJob********************************
2023-04-06 19:53:18.036  INFO DESKTOP-LI82HTD --- [   scheduling-1] process.engine.ProducerBulkEngine        : runJobInCurrentTimeSlot --> FETCH JobQueue of current day STARTED 
2023-04-06 19:53:18.043 ERROR DESKTOP-LI82HTD --- [   scheduling-1] process.engine.ProducerBulkEngine        : Error In runJobInCurrentTimeSlot java.lang.NullPointerException
2023-04-06 19:53:18.043  INFO DESKTOP-LI82HTD --- [   scheduling-1] process.engine.cron.ProcessCron          : *************************End-RunJob*********************************
2023-04-06 19:53:36.217  INFO DESKTOP-LI82HTD --- [        Timer-0] gine.async.executor.AsyncDALTaskExecutor : AsyncDAL Active No Threads: 0 Core Pool size of Threads: 100 Current no of threads in pool: 0 Current Blocking Queue Size: 0 Max allowed Threads: 200
2023-04-06 19:54:18.049  INFO DESKTOP-LI82HTD --- [   scheduling-1] process.engine.cron.ProcessCron          : ++++++++++++++++++++++++Start-AddJobInQueue++++++++++++++++++++++++++++++++
2023-04-06 19:54:18.049  INFO DESKTOP-LI82HTD --- [   scheduling-1] process.engine.ProducerBulkEngine        : addJobInQueue --> FETCH Scheduler of current day STARTED 
2023-04-06 19:54:18.052 ERROR DESKTOP-LI82HTD --- [   scheduling-1] process.engine.ProducerBulkEngine        : Error In addJobInQueue java.lang.NullPointerException
2023-04-06 19:54:18.052  INFO DESKTOP-LI82HTD --- [   scheduling-1] process.engine.cron.ProcessCron          : +++++++++++++++++++++++++++End-AddJobInQueue++++++++++++++++++++++++++++++++
2023-04-06 19:54:18.052  INFO DESKTOP-LI82HTD --- [   scheduling-1] process.engine.cron.ProcessCron          : ************************Start-RunJob********************************
2023-04-06 19:54:18.052  INFO DESKTOP-LI82HTD --- [   scheduling-1] process.engine.ProducerBulkEngine        : runJobInCurrentTimeSlot --> FETCH JobQueue of current day STARTED 
2023-04-06 19:54:18.054 ERROR DESKTOP-LI82HTD --- [   scheduling-1] process.engine.ProducerBulkEngine        : Error In runJobInCurrentTimeSlot java.lang.NullPointerException
2023-04-06 19:54:18.055  INFO DESKTOP-LI82HTD --- [   scheduling-1] process.engine.cron.ProcessCron          : *************************End-RunJob*********************************
2023-04-06 19:54:36.218  INFO DESKTOP-LI82HTD --- [        Timer-0] gine.async.executor.AsyncDALTaskExecutor : AsyncDAL Active No Threads: 0 Core Pool size of Threads: 100 Current no of threads in pool: 0 Current Blocking Queue Size: 0 Max allowed Threads: 200
2023-04-06 19:55:18.060  INFO DESKTOP-LI82HTD --- [   scheduling-1] process.engine.cron.ProcessCron          : ++++++++++++++++++++++++Start-AddJobInQueue++++++++++++++++++++++++++++++++
2023-04-06 19:55:18.060  INFO DESKTOP-LI82HTD --- [   scheduling-1] process.engine.ProducerBulkEngine        : addJobInQueue --> FETCH Scheduler of current day STARTED 
2023-04-06 19:55:18.117  INFO DESKTOP-LI82HTD --- [   scheduling-1] process.engine.ProducerBulkEngine        : addJobInQueue --> FETCHED Scheduler of current day: size 0 
2023-04-06 19:55:18.149  INFO DESKTOP-LI82HTD --- [   scheduling-1] process.engine.ProducerBulkEngine        : addJobInQueue --> NO scheduler is set for this timestamp
2023-04-06 19:55:18.149  INFO DESKTOP-LI82HTD --- [   scheduling-1] process.engine.cron.ProcessCron          : +++++++++++++++++++++++++++End-AddJobInQueue++++++++++++++++++++++++++++++++
2023-04-06 19:55:18.149  INFO DESKTOP-LI82HTD --- [   scheduling-1] process.engine.cron.ProcessCron          : ************************Start-RunJob********************************
2023-04-06 19:55:18.149  INFO DESKTOP-LI82HTD --- [   scheduling-1] process.engine.ProducerBulkEngine        : runJobInCurrentTimeSlot --> FETCH JobQueue of current day STARTED 
2023-04-06 19:55:18.149 ERROR DESKTOP-LI82HTD --- [   scheduling-1] process.engine.ProducerBulkEngine        : Error In runJobInCurrentTimeSlot java.lang.NullPointerException
2023-04-06 19:55:18.149  INFO DESKTOP-LI82HTD --- [   scheduling-1] process.engine.cron.ProcessCron          : *************************End-RunJob*********************************
2023-04-06 19:55:36.226  INFO DESKTOP-LI82HTD --- [        Timer-0] gine.async.executor.AsyncDALTaskExecutor : AsyncDAL Active No Threads: 0 Core Pool size of Threads: 100 Current no of threads in pool: 0 Current Blocking Queue Size: 0 Max allowed Threads: 200
2023-04-06 19:56:18.155  INFO DESKTOP-LI82HTD --- [   scheduling-1] process.engine.cron.ProcessCron          : ++++++++++++++++++++++++Start-AddJobInQueue++++++++++++++++++++++++++++++++
2023-04-06 19:56:18.155  INFO DESKTOP-LI82HTD --- [   scheduling-1] process.engine.ProducerBulkEngine        : addJobInQueue --> FETCH Scheduler of current day STARTED 
2023-04-06 19:56:18.163  INFO DESKTOP-LI82HTD --- [   scheduling-1] process.engine.ProducerBulkEngine        : addJobInQueue --> FETCHED Scheduler of current day: size 0 
2023-04-06 19:56:18.171  INFO DESKTOP-LI82HTD --- [   scheduling-1] process.engine.ProducerBulkEngine        : addJobInQueue --> NO scheduler is set for this timestamp
2023-04-06 19:56:18.171  INFO DESKTOP-LI82HTD --- [   scheduling-1] process.engine.cron.ProcessCron          : +++++++++++++++++++++++++++End-AddJobInQueue++++++++++++++++++++++++++++++++
2023-04-06 19:56:18.171  INFO DESKTOP-LI82HTD --- [   scheduling-1] process.engine.cron.ProcessCron          : ************************Start-RunJob********************************
2023-04-06 19:56:18.171  INFO DESKTOP-LI82HTD --- [   scheduling-1] process.engine.ProducerBulkEngine        : runJobInCurrentTimeSlot --> FETCH JobQueue of current day STARTED 
2023-04-06 19:56:18.179  INFO DESKTOP-LI82HTD --- [   scheduling-1] process.engine.ProducerBulkEngine        : runJobInCurrentTimeSlot --> FETCHED JobQueue of current day: size 0 
2023-04-06 19:56:18.179  INFO DESKTOP-LI82HTD --- [   scheduling-1] process.engine.ProducerBulkEngine        : addJobInQueue --> NO scheduler is set for this timestamp
2023-04-06 19:56:18.179  INFO DESKTOP-LI82HTD --- [   scheduling-1] process.engine.cron.ProcessCron          : *************************End-RunJob*********************************
2023-04-06 19:56:36.237  INFO DESKTOP-LI82HTD --- [        Timer-0] gine.async.executor.AsyncDALTaskExecutor : AsyncDAL Active No Threads: 0 Core Pool size of Threads: 100 Current no of threads in pool: 0 Current Blocking Queue Size: 0 Max allowed Threads: 200
2023-04-06 19:57:18.196  INFO DESKTOP-LI82HTD --- [   scheduling-1] process.engine.cron.ProcessCron          : ++++++++++++++++++++++++Start-AddJobInQueue++++++++++++++++++++++++++++++++
2023-04-06 19:57:18.196  INFO DESKTOP-LI82HTD --- [   scheduling-1] process.engine.ProducerBulkEngine        : addJobInQueue --> FETCH Scheduler of current day STARTED 
2023-04-06 19:57:18.207  INFO DESKTOP-LI82HTD --- [   scheduling-1] process.engine.ProducerBulkEngine        : addJobInQueue --> FETCHED Scheduler of current day: size 0 
2023-04-06 19:57:18.208  INFO DESKTOP-LI82HTD --- [   scheduling-1] process.engine.ProducerBulkEngine        : addJobInQueue --> NO scheduler is set for this timestamp
2023-04-06 19:57:18.208  INFO DESKTOP-LI82HTD --- [   scheduling-1] process.engine.cron.ProcessCron          : +++++++++++++++++++++++++++End-AddJobInQueue++++++++++++++++++++++++++++++++
2023-04-06 19:57:18.208  INFO DESKTOP-LI82HTD --- [   scheduling-1] process.engine.cron.ProcessCron          : ************************Start-RunJob********************************
2023-04-06 19:57:18.208  INFO DESKTOP-LI82HTD --- [   scheduling-1] process.engine.ProducerBulkEngine        : runJobInCurrentTimeSlot --> FETCH JobQueue of current day STARTED 
2023-04-06 19:57:18.217  INFO DESKTOP-LI82HTD --- [   scheduling-1] process.engine.ProducerBulkEngine        : runJobInCurrentTimeSlot --> FETCHED JobQueue of current day: size 0 
2023-04-06 19:57:18.217  INFO DESKTOP-LI82HTD --- [   scheduling-1] process.engine.ProducerBulkEngine        : addJobInQueue --> NO scheduler is set for this timestamp
2023-04-06 19:57:18.217  INFO DESKTOP-LI82HTD --- [   scheduling-1] process.engine.cron.ProcessCron          : *************************End-RunJob*********************************
2023-04-06 19:57:36.249  INFO DESKTOP-LI82HTD --- [        Timer-0] gine.async.executor.AsyncDALTaskExecutor : AsyncDAL Active No Threads: 0 Core Pool size of Threads: 100 Current no of threads in pool: 0 Current Blocking Queue Size: 0 Max allowed Threads: 200
2023-04-06 19:58:18.221  INFO DESKTOP-LI82HTD --- [   scheduling-1] process.engine.cron.ProcessCron          : ++++++++++++++++++++++++Start-AddJobInQueue++++++++++++++++++++++++++++++++
2023-04-06 19:58:18.221  INFO DESKTOP-LI82HTD --- [   scheduling-1] process.engine.ProducerBulkEngine        : addJobInQueue --> FETCH Scheduler of current day STARTED 
2023-04-06 19:58:18.229  INFO DESKTOP-LI82HTD --- [   scheduling-1] process.engine.ProducerBulkEngine        : addJobInQueue --> FETCHED Scheduler of current day: size 0 
2023-04-06 19:58:18.230  INFO DESKTOP-LI82HTD --- [   scheduling-1] process.engine.ProducerBulkEngine        : addJobInQueue --> NO scheduler is set for this timestamp
2023-04-06 19:58:18.230  INFO DESKTOP-LI82HTD --- [   scheduling-1] process.engine.cron.ProcessCron          : +++++++++++++++++++++++++++End-AddJobInQueue++++++++++++++++++++++++++++++++
2023-04-06 19:58:18.230  INFO DESKTOP-LI82HTD --- [   scheduling-1] process.engine.cron.ProcessCron          : ************************Start-RunJob********************************
2023-04-06 19:58:18.230  INFO DESKTOP-LI82HTD --- [   scheduling-1] process.engine.ProducerBulkEngine        : runJobInCurrentTimeSlot --> FETCH JobQueue of current day STARTED 
2023-04-06 19:58:18.238  INFO DESKTOP-LI82HTD --- [   scheduling-1] process.engine.ProducerBulkEngine        : runJobInCurrentTimeSlot --> FETCHED JobQueue of current day: size 0 
2023-04-06 19:58:18.238  INFO DESKTOP-LI82HTD --- [   scheduling-1] process.engine.ProducerBulkEngine        : addJobInQueue --> NO scheduler is set for this timestamp
2023-04-06 19:58:18.238  INFO DESKTOP-LI82HTD --- [   scheduling-1] process.engine.cron.ProcessCron          : *************************End-RunJob*********************************
2023-04-06 19:58:36.250  INFO DESKTOP-LI82HTD --- [        Timer-0] gine.async.executor.AsyncDALTaskExecutor : AsyncDAL Active No Threads: 0 Core Pool size of Threads: 100 Current no of threads in pool: 0 Current Blocking Queue Size: 0 Max allowed Threads: 200
2023-04-06 19:59:18.237  INFO DESKTOP-LI82HTD --- [   scheduling-1] process.engine.cron.ProcessCron          : ++++++++++++++++++++++++Start-AddJobInQueue++++++++++++++++++++++++++++++++
2023-04-06 19:59:18.237  INFO DESKTOP-LI82HTD --- [   scheduling-1] process.engine.ProducerBulkEngine        : addJobInQueue --> FETCH Scheduler of current day STARTED 
2023-04-06 19:59:18.246  INFO DESKTOP-LI82HTD --- [   scheduling-1] process.engine.ProducerBulkEngine        : addJobInQueue --> FETCHED Scheduler of current day: size 0 
2023-04-06 19:59:18.253  INFO DESKTOP-LI82HTD --- [   scheduling-1] process.engine.ProducerBulkEngine        : addJobInQueue --> NO scheduler is set for this timestamp
2023-04-06 19:59:18.253  INFO DESKTOP-LI82HTD --- [   scheduling-1] process.engine.cron.ProcessCron          : +++++++++++++++++++++++++++End-AddJobInQueue++++++++++++++++++++++++++++++++
2023-04-06 19:59:18.253  INFO DESKTOP-LI82HTD --- [   scheduling-1] process.engine.cron.ProcessCron          : ************************Start-RunJob********************************
2023-04-06 19:59:18.253  INFO DESKTOP-LI82HTD --- [   scheduling-1] process.engine.ProducerBulkEngine        : runJobInCurrentTimeSlot --> FETCH JobQueue of current day STARTED 
2023-04-06 19:59:18.261  INFO DESKTOP-LI82HTD --- [   scheduling-1] process.engine.ProducerBulkEngine        : runJobInCurrentTimeSlot --> FETCHED JobQueue of current day: size 0 
2023-04-06 19:59:18.261  INFO DESKTOP-LI82HTD --- [   scheduling-1] process.engine.ProducerBulkEngine        : addJobInQueue --> NO scheduler is set for this timestamp
2023-04-06 19:59:18.261  INFO DESKTOP-LI82HTD --- [   scheduling-1] process.engine.cron.ProcessCron          : *************************End-RunJob*********************************
2023-04-06 19:59:36.252  INFO DESKTOP-LI82HTD --- [        Timer-0] gine.async.executor.AsyncDALTaskExecutor : AsyncDAL Active No Threads: 0 Core Pool size of Threads: 100 Current no of threads in pool: 0 Current Blocking Queue Size: 0 Max allowed Threads: 200
2023-04-06 20:00:18.266  INFO DESKTOP-LI82HTD --- [   scheduling-1] process.engine.cron.ProcessCron          : ++++++++++++++++++++++++Start-AddJobInQueue++++++++++++++++++++++++++++++++
2023-04-06 20:00:18.266  INFO DESKTOP-LI82HTD --- [   scheduling-1] process.engine.ProducerBulkEngine        : addJobInQueue --> FETCH Scheduler of current day STARTED 
2023-04-06 20:00:18.275  INFO DESKTOP-LI82HTD --- [   scheduling-1] process.engine.ProducerBulkEngine        : addJobInQueue --> FETCHED Scheduler of current day: size 0 
2023-04-06 20:00:18.280  INFO DESKTOP-LI82HTD --- [   scheduling-1] process.engine.ProducerBulkEngine        : addJobInQueue --> NO scheduler is set for this timestamp
2023-04-06 20:00:18.280  INFO DESKTOP-LI82HTD --- [   scheduling-1] process.engine.cron.ProcessCron          : +++++++++++++++++++++++++++End-AddJobInQueue++++++++++++++++++++++++++++++++
2023-04-06 20:00:18.280  INFO DESKTOP-LI82HTD --- [   scheduling-1] process.engine.cron.ProcessCron          : ************************Start-RunJob********************************
2023-04-06 20:00:18.280  INFO DESKTOP-LI82HTD --- [   scheduling-1] process.engine.ProducerBulkEngine        : runJobInCurrentTimeSlot --> FETCH JobQueue of current day STARTED 
2023-04-06 20:00:18.283  INFO DESKTOP-LI82HTD --- [   scheduling-1] process.engine.ProducerBulkEngine        : runJobInCurrentTimeSlot --> FETCHED JobQueue of current day: size 0 
2023-04-06 20:00:18.283  INFO DESKTOP-LI82HTD --- [   scheduling-1] process.engine.ProducerBulkEngine        : addJobInQueue --> NO scheduler is set for this timestamp
2023-04-06 20:00:18.283  INFO DESKTOP-LI82HTD --- [   scheduling-1] process.engine.cron.ProcessCron          : *************************End-RunJob*********************************
2023-04-06 20:00:36.265  INFO DESKTOP-LI82HTD --- [        Timer-0] gine.async.executor.AsyncDALTaskExecutor : AsyncDAL Active No Threads: 0 Core Pool size of Threads: 100 Current no of threads in pool: 0 Current Blocking Queue Size: 0 Max allowed Threads: 200
2023-04-06 20:01:18.282  INFO DESKTOP-LI82HTD --- [   scheduling-1] process.engine.cron.ProcessCron          : ++++++++++++++++++++++++Start-AddJobInQueue++++++++++++++++++++++++++++++++
2023-04-06 20:01:18.282  INFO DESKTOP-LI82HTD --- [   scheduling-1] process.engine.ProducerBulkEngine        : addJobInQueue --> FETCH Scheduler of current day STARTED 
2023-04-06 20:01:18.290  INFO DESKTOP-LI82HTD --- [   scheduling-1] process.engine.ProducerBulkEngine        : addJobInQueue --> FETCHED Scheduler of current day: size 0 
2023-04-06 20:01:18.290  INFO DESKTOP-LI82HTD --- [   scheduling-1] process.engine.ProducerBulkEngine        : addJobInQueue --> NO scheduler is set for this timestamp
2023-04-06 20:01:18.290  INFO DESKTOP-LI82HTD --- [   scheduling-1] process.engine.cron.ProcessCron          : +++++++++++++++++++++++++++End-AddJobInQueue++++++++++++++++++++++++++++++++
2023-04-06 20:01:18.290  INFO DESKTOP-LI82HTD --- [   scheduling-1] process.engine.cron.ProcessCron          : ************************Start-RunJob********************************
2023-04-06 20:01:18.290  INFO DESKTOP-LI82HTD --- [   scheduling-1] process.engine.ProducerBulkEngine        : runJobInCurrentTimeSlot --> FETCH JobQueue of current day STARTED 
2023-04-06 20:01:18.300  INFO DESKTOP-LI82HTD --- [   scheduling-1] process.engine.ProducerBulkEngine        : runJobInCurrentTimeSlot --> FETCHED JobQueue of current day: size 0 
2023-04-06 20:01:18.300  INFO DESKTOP-LI82HTD --- [   scheduling-1] process.engine.ProducerBulkEngine        : addJobInQueue --> NO scheduler is set for this timestamp
2023-04-06 20:01:18.300  INFO DESKTOP-LI82HTD --- [   scheduling-1] process.engine.cron.ProcessCron          : *************************End-RunJob*********************************
2023-04-06 20:01:36.272  INFO DESKTOP-LI82HTD --- [        Timer-0] gine.async.executor.AsyncDALTaskExecutor : AsyncDAL Active No Threads: 0 Core Pool size of Threads: 100 Current no of threads in pool: 0 Current Blocking Queue Size: 0 Max allowed Threads: 200
2023-04-06 20:02:18.300  INFO DESKTOP-LI82HTD --- [   scheduling-1] process.engine.cron.ProcessCron          : ++++++++++++++++++++++++Start-AddJobInQueue++++++++++++++++++++++++++++++++
2023-04-06 20:02:18.300  INFO DESKTOP-LI82HTD --- [   scheduling-1] process.engine.ProducerBulkEngine        : addJobInQueue --> FETCH Scheduler of current day STARTED 
2023-04-06 20:02:18.308  INFO DESKTOP-LI82HTD --- [   scheduling-1] process.engine.ProducerBulkEngine        : addJobInQueue --> FETCHED Scheduler of current day: size 0 
2023-04-06 20:02:18.309  INFO DESKTOP-LI82HTD --- [   scheduling-1] process.engine.ProducerBulkEngine        : addJobInQueue --> NO scheduler is set for this timestamp
2023-04-06 20:02:18.309  INFO DESKTOP-LI82HTD --- [   scheduling-1] process.engine.cron.ProcessCron          : +++++++++++++++++++++++++++End-AddJobInQueue++++++++++++++++++++++++++++++++
2023-04-06 20:02:18.309  INFO DESKTOP-LI82HTD --- [   scheduling-1] process.engine.cron.ProcessCron          : ************************Start-RunJob********************************
2023-04-06 20:02:18.309  INFO DESKTOP-LI82HTD --- [   scheduling-1] process.engine.ProducerBulkEngine        : runJobInCurrentTimeSlot --> FETCH JobQueue of current day STARTED 
2023-04-06 20:02:18.320  INFO DESKTOP-LI82HTD --- [   scheduling-1] process.engine.ProducerBulkEngine        : runJobInCurrentTimeSlot --> FETCHED JobQueue of current day: size 0 
2023-04-06 20:02:18.320  INFO DESKTOP-LI82HTD --- [   scheduling-1] process.engine.ProducerBulkEngine        : addJobInQueue --> NO scheduler is set for this timestamp
2023-04-06 20:02:18.320  INFO DESKTOP-LI82HTD --- [   scheduling-1] process.engine.cron.ProcessCron          : *************************End-RunJob*********************************
2023-04-06 20:02:36.278  INFO DESKTOP-LI82HTD --- [        Timer-0] gine.async.executor.AsyncDALTaskExecutor : AsyncDAL Active No Threads: 0 Core Pool size of Threads: 100 Current no of threads in pool: 0 Current Blocking Queue Size: 0 Max allowed Threads: 200
2023-04-06 20:03:18.318  INFO DESKTOP-LI82HTD --- [   scheduling-1] process.engine.cron.ProcessCron          : ++++++++++++++++++++++++Start-AddJobInQueue++++++++++++++++++++++++++++++++
2023-04-06 20:03:18.318  INFO DESKTOP-LI82HTD --- [   scheduling-1] process.engine.ProducerBulkEngine        : addJobInQueue --> FETCH Scheduler of current day STARTED 
2023-04-06 20:03:18.326  INFO DESKTOP-LI82HTD --- [   scheduling-1] process.engine.ProducerBulkEngine        : addJobInQueue --> FETCHED Scheduler of current day: size 0 
2023-04-06 20:03:18.330  INFO DESKTOP-LI82HTD --- [   scheduling-1] process.engine.ProducerBulkEngine        : addJobInQueue --> NO scheduler is set for this timestamp
2023-04-06 20:03:18.330  INFO DESKTOP-LI82HTD --- [   scheduling-1] process.engine.cron.ProcessCron          : +++++++++++++++++++++++++++End-AddJobInQueue++++++++++++++++++++++++++++++++
2023-04-06 20:03:18.330  INFO DESKTOP-LI82HTD --- [   scheduling-1] process.engine.cron.ProcessCron          : ************************Start-RunJob********************************
2023-04-06 20:03:18.330  INFO DESKTOP-LI82HTD --- [   scheduling-1] process.engine.ProducerBulkEngine        : runJobInCurrentTimeSlot --> FETCH JobQueue of current day STARTED 
2023-04-06 20:03:18.334  INFO DESKTOP-LI82HTD --- [   scheduling-1] process.engine.ProducerBulkEngine        : runJobInCurrentTimeSlot --> FETCHED JobQueue of current day: size 0 
2023-04-06 20:03:18.334  INFO DESKTOP-LI82HTD --- [   scheduling-1] process.engine.ProducerBulkEngine        : addJobInQueue --> NO scheduler is set for this timestamp
2023-04-06 20:03:18.334  INFO DESKTOP-LI82HTD --- [   scheduling-1] process.engine.cron.ProcessCron          : *************************End-RunJob*********************************
2023-04-06 20:03:33.676  INFO DESKTOP-LI82HTD --- [nio-9098-exec-6] process.model.service.impl.QueryService  : Execute Query :- select * 
from job_queue 
where cast(date_created as date) between '2023-03-31' and '2023-04-06' 

order by job_queue_id desc
2023-04-06 20:03:36.286  INFO DESKTOP-LI82HTD --- [        Timer-0] gine.async.executor.AsyncDALTaskExecutor : AsyncDAL Active No Threads: 0 Core Pool size of Threads: 100 Current no of threads in pool: 0 Current Blocking Queue Size: 0 Max allowed Threads: 200
